19-Aug-2018 13:08:00.337 INFO [main] org.apache.catalina.startup.VersionLoggerListener.log Server version:        Apache Tomcat/8.5.32
19-Aug-2018 13:08:00.339 INFO [main] org.apache.catalina.startup.VersionLoggerListener.log Server built:          Jun 20 2018 19:50:35 UTC
19-Aug-2018 13:08:00.340 INFO [main] org.apache.catalina.startup.VersionLoggerListener.log Server number:         8.5.32.0
19-Aug-2018 13:08:00.340 INFO [main] org.apache.catalina.startup.VersionLoggerListener.log OS Name:               Windows 10
19-Aug-2018 13:08:00.340 INFO [main] org.apache.catalina.startup.VersionLoggerListener.log OS Version:            10.0
19-Aug-2018 13:08:00.340 INFO [main] org.apache.catalina.startup.VersionLoggerListener.log Architecture:          amd64
19-Aug-2018 13:08:00.340 INFO [main] org.apache.catalina.startup.VersionLoggerListener.log Java Home:             C:\Program Files\Java\jdk1.8.0_121\jre
19-Aug-2018 13:08:00.341 INFO [main] org.apache.catalina.startup.VersionLoggerListener.log JVM Version:           1.8.0_121-b13
19-Aug-2018 13:08:00.341 INFO [main] org.apache.catalina.startup.VersionLoggerListener.log JVM Vendor:            Oracle Corporation
19-Aug-2018 13:08:00.341 INFO [main] org.apache.catalina.startup.VersionLoggerListener.log CATALINA_BASE:         C:\Users\Giannis\.IntelliJIdea2018.2\system\tomcat\Tomcat_8_5_32_Nutella
19-Aug-2018 13:08:00.341 INFO [main] org.apache.catalina.startup.VersionLoggerListener.log CATALINA_HOME:         C:\Users\Giannis\Documents\apache-tomcat-8.5.32
19-Aug-2018 13:08:00.341 INFO [main] org.apache.catalina.startup.VersionLoggerListener.log Command line argument: -Djava.util.logging.config.file=C:\Users\Giannis\.IntelliJIdea2018.2\system\tomcat\Tomcat_8_5_32_Nutella\conf\logging.properties
19-Aug-2018 13:08:00.342 INFO [main] org.apache.catalina.startup.VersionLoggerListener.log Command line argument: -Djava.util.logging.manager=org.apache.juli.ClassLoaderLogManager
19-Aug-2018 13:08:00.342 INFO [main] org.apache.catalina.startup.VersionLoggerListener.log Command line argument: -Dcom.sun.management.jmxremote=
19-Aug-2018 13:08:00.342 INFO [main] org.apache.catalina.startup.VersionLoggerListener.log Command line argument: -Dcom.sun.management.jmxremote.port=1099
19-Aug-2018 13:08:00.342 INFO [main] org.apache.catalina.startup.VersionLoggerListener.log Command line argument: -Dcom.sun.management.jmxremote.ssl=false
19-Aug-2018 13:08:00.342 INFO [main] org.apache.catalina.startup.VersionLoggerListener.log Command line argument: -Dcom.sun.management.jmxremote.authenticate=false
19-Aug-2018 13:08:00.342 INFO [main] org.apache.catalina.startup.VersionLoggerListener.log Command line argument: -Djava.rmi.server.hostname=127.0.0.1
19-Aug-2018 13:08:00.343 INFO [main] org.apache.catalina.startup.VersionLoggerListener.log Command line argument: -Djdk.tls.ephemeralDHKeySize=2048
19-Aug-2018 13:08:00.343 INFO [main] org.apache.catalina.startup.VersionLoggerListener.log Command line argument: -Djava.protocol.handler.pkgs=org.apache.catalina.webresources
19-Aug-2018 13:08:00.343 INFO [main] org.apache.catalina.startup.VersionLoggerListener.log Command line argument: -Dignore.endorsed.dirs=
19-Aug-2018 13:08:00.343 INFO [main] org.apache.catalina.startup.VersionLoggerListener.log Command line argument: -Dcatalina.base=C:\Users\Giannis\.IntelliJIdea2018.2\system\tomcat\Tomcat_8_5_32_Nutella
19-Aug-2018 13:08:00.343 INFO [main] org.apache.catalina.startup.VersionLoggerListener.log Command line argument: -Dcatalina.home=C:\Users\Giannis\Documents\apache-tomcat-8.5.32
19-Aug-2018 13:08:00.343 INFO [main] org.apache.catalina.startup.VersionLoggerListener.log Command line argument: -Djava.io.tmpdir=C:\Users\Giannis\Documents\apache-tomcat-8.5.32\temp
19-Aug-2018 13:08:00.344 INFO [main] org.apache.catalina.core.AprLifecycleListener.lifecycleEvent Loaded APR based Apache Tomcat Native library [1.2.17] using APR version [1.6.3].
19-Aug-2018 13:08:00.344 INFO [main] org.apache.catalina.core.AprLifecycleListener.lifecycleEvent APR capabilities: IPv6 [true], sendfile [true], accept filters [false], random [true].
19-Aug-2018 13:08:00.344 INFO [main] org.apache.catalina.core.AprLifecycleListener.lifecycleEvent APR/OpenSSL configuration: useAprConnector [false], useOpenSSL [true]
19-Aug-2018 13:08:01.516 INFO [main] org.apache.catalina.core.AprLifecycleListener.initializeSSL OpenSSL successfully initialized [OpenSSL 1.0.2o  27 Mar 2018]
19-Aug-2018 13:08:02.152 INFO [main] org.apache.coyote.AbstractProtocol.init Initializing ProtocolHandler ["http-nio-8080"]
19-Aug-2018 13:08:02.182 INFO [main] org.apache.tomcat.util.net.NioSelectorPool.getSharedSelector Using a shared selector for servlet write/read
19-Aug-2018 13:08:02.192 INFO [main] org.apache.coyote.AbstractProtocol.init Initializing ProtocolHandler ["ajp-nio-8009"]
19-Aug-2018 13:08:02.196 INFO [main] org.apache.tomcat.util.net.NioSelectorPool.getSharedSelector Using a shared selector for servlet write/read
19-Aug-2018 13:08:02.196 INFO [main] org.apache.catalina.startup.Catalina.load Initialization processed in 2643 ms
19-Aug-2018 13:08:02.282 INFO [main] org.apache.catalina.core.StandardService.startInternal Starting service [Catalina]
19-Aug-2018 13:08:02.282 INFO [main] org.apache.catalina.core.StandardEngine.startInternal Starting Servlet Engine: Apache Tomcat/8.5.32
19-Aug-2018 13:08:02.316 INFO [main] org.apache.coyote.AbstractProtocol.start Starting ProtocolHandler ["http-nio-8080"]
19-Aug-2018 13:08:02.333 INFO [main] org.apache.coyote.AbstractProtocol.start Starting ProtocolHandler ["ajp-nio-8009"]
19-Aug-2018 13:08:02.338 INFO [main] org.apache.catalina.startup.Catalina.start Server startup in 141 ms
19-Aug-2018 13:08:05.682 WARNING [RMI TCP Connection(2)-127.0.0.1] org.apache.tomcat.util.descriptor.web.WebXml.setVersion Unknown version string [4.0]. Default version will be used.
19-Aug-2018 13:08:12.332 INFO [localhost-startStop-1] org.apache.catalina.startup.HostConfig.deployDirectory Deploying web application directory [C:\Users\Giannis\Documents\apache-tomcat-8.5.32\webapps\manager]
19-Aug-2018 13:08:13.069 INFO [localhost-startStop-1] org.apache.catalina.startup.HostConfig.deployDirectory Deployment of web application directory [C:\Users\Giannis\Documents\apache-tomcat-8.5.32\webapps\manager] has finished in [702] ms
19-Aug-2018 13:08:19.572 INFO [RMI TCP Connection(2)-127.0.0.1] org.apache.jasper.servlet.TldScanner.scanJars At least one JAR was scanned for TLDs yet contained no TLDs. Enable debug logging for this logger for a complete list of JARs that were scanned but no TLDs were found in them. Skipping unneeded JARs during scanning can improve startup time and JSP compilation time.
19-Aug-2018 13:08:19.642 INFO [RMI TCP Connection(2)-127.0.0.1] org.springframework.web.context.ContextLoader.initWebApplicationContext Root WebApplicationContext: initialization started
19-Aug-2018 13:08:19.927 INFO [RMI TCP Connection(2)-127.0.0.1] org.springframework.context.support.AbstractApplicationContext.prepareRefresh Refreshing Root WebApplicationContext: startup date [Sun Aug 19 13:08:19 EEST 2018]; root of context hierarchy
19-Aug-2018 13:08:20.153 INFO [RMI TCP Connection(2)-127.0.0.1] org.springframework.beans.factory.xml.XmlBeanDefinitionReader.loadBeanDefinitions Loading XML bean definitions from ServletContext resource [/WEB-INF/cxf-beans.xml]
19-Aug-2018 13:08:20.612 INFO [RMI TCP Connection(2)-127.0.0.1] org.springframework.beans.factory.xml.XmlBeanDefinitionReader.loadBeanDefinitions Loading XML bean definitions from class path resource [META-INF/cxf/cxf.xml]
19-Aug-2018 13:08:22.617 INFO [RMI TCP Connection(2)-127.0.0.1] org.apache.cxf.endpoint.ServerImpl.initDestination Setting the server's publish address to be /rest
19-Aug-2018 13:08:22.886 INFO [RMI TCP Connection(2)-127.0.0.1] org.springframework.web.context.ContextLoader.initWebApplicationContext Root WebApplicationContext: initialization completed in 3244 ms
19-Aug-2018 13:09:52.756 INFO [main] org.apache.catalina.core.StandardServer.await A valid shutdown command was received via the shutdown port. Stopping the Server instance.
19-Aug-2018 13:09:52.756 INFO [main] org.apache.coyote.AbstractProtocol.pause Pausing ProtocolHandler ["http-nio-8080"]
19-Aug-2018 13:09:52.925 INFO [main] org.apache.coyote.AbstractProtocol.pause Pausing ProtocolHandler ["ajp-nio-8009"]
19-Aug-2018 13:09:53.092 INFO [main] org.apache.catalina.core.StandardService.stopInternal Stopping service [Catalina]
19-Aug-2018 13:09:53.110 INFO [localhost-startStop-2] org.springframework.context.support.AbstractApplicationContext.doClose Closing Root WebApplicationContext: startup date [Sun Aug 19 13:08:19 EEST 2018]; root of context hierarchy
19-Aug-2018 13:09:53.142 WARNING [localhost-startStop-2] org.apache.catalina.loader.WebappClassLoaderBase.clearReferencesJdbc The web application [ROOT] registered the JDBC driver [com.mysql.jdbc.Driver] but failed to unregister it when the web application was stopped. To prevent a memory leak, the JDBC Driver has been forcibly unregistered.
19-Aug-2018 13:09:53.142 WARNING [localhost-startStop-2] org.apache.catalina.loader.WebappClassLoaderBase.clearReferencesThreads The web application [ROOT] appears to have started a thread named [Abandoned connection cleanup thread] but has failed to stop it. This is very likely to create a memory leak. Stack trace of thread:
 java.lang.Object.wait(Native Method)
 java.lang.ref.ReferenceQueue.remove(ReferenceQueue.java:143)
 com.mysql.jdbc.AbandonedConnectionCleanupThread.run(AbandonedConnectionCleanupThread.java:64)
 java.util.concurrent.ThreadPoolExecutor.runWorker(ThreadPoolExecutor.java:1142)
 java.util.concurrent.ThreadPoolExecutor$Worker.run(ThreadPoolExecutor.java:617)
 java.lang.Thread.run(Thread.java:745)
19-Aug-2018 13:09:53.161 INFO [main] org.apache.coyote.AbstractProtocol.stop Stopping ProtocolHandler ["http-nio-8080"]
19-Aug-2018 13:09:53.161 INFO [main] org.apache.coyote.AbstractProtocol.stop Stopping ProtocolHandler ["ajp-nio-8009"]
19-Aug-2018 13:09:53.172 INFO [main] org.apache.coyote.AbstractProtocol.destroy Destroying ProtocolHandler ["http-nio-8080"]
19-Aug-2018 13:09:53.174 INFO [main] org.apache.coyote.AbstractProtocol.destroy Destroying ProtocolHandler ["ajp-nio-8009"]
19-Aug-2018 13:26:52.766 INFO [main] org.apache.catalina.startup.VersionLoggerListener.log Server version:        Apache Tomcat/8.5.32
19-Aug-2018 13:26:52.768 INFO [main] org.apache.catalina.startup.VersionLoggerListener.log Server built:          Jun 20 2018 19:50:35 UTC
19-Aug-2018 13:26:52.768 INFO [main] org.apache.catalina.startup.VersionLoggerListener.log Server number:         8.5.32.0
19-Aug-2018 13:26:52.768 INFO [main] org.apache.catalina.startup.VersionLoggerListener.log OS Name:               Windows 10
19-Aug-2018 13:26:52.769 INFO [main] org.apache.catalina.startup.VersionLoggerListener.log OS Version:            10.0
19-Aug-2018 13:26:52.769 INFO [main] org.apache.catalina.startup.VersionLoggerListener.log Architecture:          amd64
19-Aug-2018 13:26:52.769 INFO [main] org.apache.catalina.startup.VersionLoggerListener.log Java Home:             C:\Program Files\Java\jdk1.8.0_121\jre
19-Aug-2018 13:26:52.769 INFO [main] org.apache.catalina.startup.VersionLoggerListener.log JVM Version:           1.8.0_121-b13
19-Aug-2018 13:26:52.769 INFO [main] org.apache.catalina.startup.VersionLoggerListener.log JVM Vendor:            Oracle Corporation
19-Aug-2018 13:26:52.769 INFO [main] org.apache.catalina.startup.VersionLoggerListener.log CATALINA_BASE:         C:\Users\Giannis\.IntelliJIdea2018.2\system\tomcat\Tomcat_8_5_32_Nutella
19-Aug-2018 13:26:52.770 INFO [main] org.apache.catalina.startup.VersionLoggerListener.log CATALINA_HOME:         C:\Users\Giannis\Documents\apache-tomcat-8.5.32
19-Aug-2018 13:26:52.770 INFO [main] org.apache.catalina.startup.VersionLoggerListener.log Command line argument: -Djava.util.logging.config.file=C:\Users\Giannis\.IntelliJIdea2018.2\system\tomcat\Tomcat_8_5_32_Nutella\conf\logging.properties
19-Aug-2018 13:26:52.770 INFO [main] org.apache.catalina.startup.VersionLoggerListener.log Command line argument: -Djava.util.logging.manager=org.apache.juli.ClassLoaderLogManager
19-Aug-2018 13:26:52.771 INFO [main] org.apache.catalina.startup.VersionLoggerListener.log Command line argument: -Dcom.sun.management.jmxremote=
19-Aug-2018 13:26:52.771 INFO [main] org.apache.catalina.startup.VersionLoggerListener.log Command line argument: -Dcom.sun.management.jmxremote.port=1099
19-Aug-2018 13:26:52.771 INFO [main] org.apache.catalina.startup.VersionLoggerListener.log Command line argument: -Dcom.sun.management.jmxremote.ssl=false
19-Aug-2018 13:26:52.771 INFO [main] org.apache.catalina.startup.VersionLoggerListener.log Command line argument: -Dcom.sun.management.jmxremote.authenticate=false
19-Aug-2018 13:26:52.771 INFO [main] org.apache.catalina.startup.VersionLoggerListener.log Command line argument: -Djava.rmi.server.hostname=127.0.0.1
19-Aug-2018 13:26:52.771 INFO [main] org.apache.catalina.startup.VersionLoggerListener.log Command line argument: -Djdk.tls.ephemeralDHKeySize=2048
19-Aug-2018 13:26:52.772 INFO [main] org.apache.catalina.startup.VersionLoggerListener.log Command line argument: -Djava.protocol.handler.pkgs=org.apache.catalina.webresources
19-Aug-2018 13:26:52.772 INFO [main] org.apache.catalina.startup.VersionLoggerListener.log Command line argument: -Dignore.endorsed.dirs=
19-Aug-2018 13:26:52.772 INFO [main] org.apache.catalina.startup.VersionLoggerListener.log Command line argument: -Dcatalina.base=C:\Users\Giannis\.IntelliJIdea2018.2\system\tomcat\Tomcat_8_5_32_Nutella
19-Aug-2018 13:26:52.773 INFO [main] org.apache.catalina.startup.VersionLoggerListener.log Command line argument: -Dcatalina.home=C:\Users\Giannis\Documents\apache-tomcat-8.5.32
19-Aug-2018 13:26:52.773 INFO [main] org.apache.catalina.startup.VersionLoggerListener.log Command line argument: -Djava.io.tmpdir=C:\Users\Giannis\Documents\apache-tomcat-8.5.32\temp
19-Aug-2018 13:26:52.773 INFO [main] org.apache.catalina.core.AprLifecycleListener.lifecycleEvent Loaded APR based Apache Tomcat Native library [1.2.17] using APR version [1.6.3].
19-Aug-2018 13:26:52.773 INFO [main] org.apache.catalina.core.AprLifecycleListener.lifecycleEvent APR capabilities: IPv6 [true], sendfile [true], accept filters [false], random [true].
19-Aug-2018 13:26:52.773 INFO [main] org.apache.catalina.core.AprLifecycleListener.lifecycleEvent APR/OpenSSL configuration: useAprConnector [false], useOpenSSL [true]
19-Aug-2018 13:26:53.894 INFO [main] org.apache.catalina.core.AprLifecycleListener.initializeSSL OpenSSL successfully initialized [OpenSSL 1.0.2o  27 Mar 2018]
19-Aug-2018 13:26:54.102 INFO [main] org.apache.coyote.AbstractProtocol.init Initializing ProtocolHandler ["http-nio-8080"]
19-Aug-2018 13:26:54.148 INFO [main] org.apache.tomcat.util.net.NioSelectorPool.getSharedSelector Using a shared selector for servlet write/read
19-Aug-2018 13:26:54.158 INFO [main] org.apache.coyote.AbstractProtocol.init Initializing ProtocolHandler ["ajp-nio-8009"]
19-Aug-2018 13:26:54.162 INFO [main] org.apache.tomcat.util.net.NioSelectorPool.getSharedSelector Using a shared selector for servlet write/read
19-Aug-2018 13:26:54.163 INFO [main] org.apache.catalina.startup.Catalina.load Initialization processed in 1882 ms
19-Aug-2018 13:26:54.208 INFO [main] org.apache.catalina.core.StandardService.startInternal Starting service [Catalina]
19-Aug-2018 13:26:54.209 INFO [main] org.apache.catalina.core.StandardEngine.startInternal Starting Servlet Engine: Apache Tomcat/8.5.32
19-Aug-2018 13:26:54.227 INFO [main] org.apache.coyote.AbstractProtocol.start Starting ProtocolHandler ["http-nio-8080"]
19-Aug-2018 13:26:54.242 INFO [main] org.apache.coyote.AbstractProtocol.start Starting ProtocolHandler ["ajp-nio-8009"]
19-Aug-2018 13:26:54.248 INFO [main] org.apache.catalina.startup.Catalina.start Server startup in 84 ms
19-Aug-2018 13:26:54.971 WARNING [RMI TCP Connection(3)-127.0.0.1] org.apache.tomcat.util.descriptor.web.WebXml.setVersion Unknown version string [4.0]. Default version will be used.
19-Aug-2018 13:27:02.776 INFO [RMI TCP Connection(3)-127.0.0.1] org.apache.jasper.servlet.TldScanner.scanJars At least one JAR was scanned for TLDs yet contained no TLDs. Enable debug logging for this logger for a complete list of JARs that were scanned but no TLDs were found in them. Skipping unneeded JARs during scanning can improve startup time and JSP compilation time.
19-Aug-2018 13:27:02.881 INFO [RMI TCP Connection(3)-127.0.0.1] org.springframework.web.context.ContextLoader.initWebApplicationContext Root WebApplicationContext: initialization started
19-Aug-2018 13:27:03.153 INFO [RMI TCP Connection(3)-127.0.0.1] org.springframework.context.support.AbstractApplicationContext.prepareRefresh Refreshing Root WebApplicationContext: startup date [Sun Aug 19 13:27:03 EEST 2018]; root of context hierarchy
19-Aug-2018 13:27:03.400 INFO [RMI TCP Connection(3)-127.0.0.1] org.springframework.beans.factory.xml.XmlBeanDefinitionReader.loadBeanDefinitions Loading XML bean definitions from ServletContext resource [/WEB-INF/cxf-beans.xml]
19-Aug-2018 13:27:03.848 INFO [RMI TCP Connection(3)-127.0.0.1] org.springframework.beans.factory.xml.XmlBeanDefinitionReader.loadBeanDefinitions Loading XML bean definitions from class path resource [META-INF/cxf/cxf.xml]
19-Aug-2018 13:27:04.229 INFO [localhost-startStop-1] org.apache.catalina.startup.HostConfig.deployDirectory Deploying web application directory [C:\Users\Giannis\Documents\apache-tomcat-8.5.32\webapps\manager]
19-Aug-2018 13:27:04.369 INFO [localhost-startStop-1] org.apache.catalina.startup.HostConfig.deployDirectory Deployment of web application directory [C:\Users\Giannis\Documents\apache-tomcat-8.5.32\webapps\manager] has finished in [139] ms
19-Aug-2018 13:27:06.241 INFO [RMI TCP Connection(3)-127.0.0.1] org.apache.cxf.endpoint.ServerImpl.initDestination Setting the server's publish address to be /rest
19-Aug-2018 13:27:06.506 INFO [RMI TCP Connection(3)-127.0.0.1] org.springframework.web.context.ContextLoader.initWebApplicationContext Root WebApplicationContext: initialization completed in 3624 ms
19-Aug-2018 13:29:32.720 SEVERE [http-nio-8080-exec-6] org.apache.cxf.jaxrs.utils.JAXRSUtils.logMessageHandlerProblem No message body reader has been found for class WebApplication.Model.Requests.LoginRequest, ContentType: application/octet-stream
19-Aug-2018 13:29:32.790 WARNING [http-nio-8080-exec-6] org.apache.cxf.jaxrs.impl.WebApplicationExceptionMapper.toResponse javax.ws.rs.WebApplicationException: HTTP 415 Unsupported Media Type
	at org.apache.cxf.jaxrs.utils.JAXRSUtils.readFromMessageBody(JAXRSUtils.java:1327)
	at org.apache.cxf.jaxrs.utils.JAXRSUtils.processParameter(JAXRSUtils.java:835)
	at org.apache.cxf.jaxrs.utils.JAXRSUtils.processParameters(JAXRSUtils.java:794)
	at org.apache.cxf.jaxrs.interceptor.JAXRSInInterceptor.processRequest(JAXRSInInterceptor.java:214)
	at org.apache.cxf.jaxrs.interceptor.JAXRSInInterceptor.handleMessage(JAXRSInInterceptor.java:78)
	at org.apache.cxf.phase.PhaseInterceptorChain.doIntercept(PhaseInterceptorChain.java:308)
	at org.apache.cxf.transport.ChainInitiationObserver.onMessage(ChainInitiationObserver.java:121)
	at org.apache.cxf.transport.http.AbstractHTTPDestination.invoke(AbstractHTTPDestination.java:267)
	at org.apache.cxf.transport.servlet.ServletController.invokeDestination(ServletController.java:234)
	at org.apache.cxf.transport.servlet.ServletController.invoke(ServletController.java:208)
	at org.apache.cxf.transport.servlet.ServletController.invoke(ServletController.java:160)
	at org.apache.cxf.transport.servlet.CXFNonSpringServlet.invoke(CXFNonSpringServlet.java:216)
	at org.apache.cxf.transport.servlet.AbstractHTTPServlet.handleRequest(AbstractHTTPServlet.java:301)
	at org.apache.cxf.transport.servlet.AbstractHTTPServlet.doGet(AbstractHTTPServlet.java:225)
	at javax.servlet.http.HttpServlet.service(HttpServlet.java:635)
	at org.apache.cxf.transport.servlet.AbstractHTTPServlet.service(AbstractHTTPServlet.java:276)
	at org.apache.catalina.core.ApplicationFilterChain.internalDoFilter(ApplicationFilterChain.java:231)
	at org.apache.catalina.core.ApplicationFilterChain.doFilter(ApplicationFilterChain.java:166)
	at org.apache.tomcat.websocket.server.WsFilter.doFilter(WsFilter.java:52)
	at org.apache.catalina.core.ApplicationFilterChain.internalDoFilter(ApplicationFilterChain.java:193)
	at org.apache.catalina.core.ApplicationFilterChain.doFilter(ApplicationFilterChain.java:166)
	at org.apache.catalina.core.StandardWrapperValve.invoke(StandardWrapperValve.java:198)
	at org.apache.catalina.core.StandardContextValve.invoke(StandardContextValve.java:96)
	at org.apache.catalina.authenticator.AuthenticatorBase.invoke(AuthenticatorBase.java:493)
	at org.apache.catalina.core.StandardHostValve.invoke(StandardHostValve.java:140)
	at org.apache.catalina.valves.ErrorReportValve.invoke(ErrorReportValve.java:81)
	at org.apache.catalina.valves.AbstractAccessLogValve.invoke(AbstractAccessLogValve.java:650)
	at org.apache.catalina.core.StandardEngineValve.invoke(StandardEngineValve.java:87)
	at org.apache.catalina.connector.CoyoteAdapter.service(CoyoteAdapter.java:342)
	at org.apache.coyote.http11.Http11Processor.service(Http11Processor.java:800)
	at org.apache.coyote.AbstractProcessorLight.process(AbstractProcessorLight.java:66)
	at org.apache.coyote.AbstractProtocol$ConnectionHandler.process(AbstractProtocol.java:800)
	at org.apache.tomcat.util.net.NioEndpoint$SocketProcessor.doRun(NioEndpoint.java:1471)
	at org.apache.tomcat.util.net.SocketProcessorBase.run(SocketProcessorBase.java:49)
	at java.util.concurrent.ThreadPoolExecutor.runWorker(ThreadPoolExecutor.java:1142)
	at java.util.concurrent.ThreadPoolExecutor$Worker.run(ThreadPoolExecutor.java:617)
	at org.apache.tomcat.util.threads.TaskThread$WrappingRunnable.run(TaskThread.java:61)
	at java.lang.Thread.run(Thread.java:745)

19-Aug-2018 13:30:18.633 INFO [main] org.apache.catalina.core.StandardServer.await A valid shutdown command was received via the shutdown port. Stopping the Server instance.
19-Aug-2018 13:30:18.634 INFO [main] org.apache.coyote.AbstractProtocol.pause Pausing ProtocolHandler ["http-nio-8080"]
19-Aug-2018 13:30:18.795 INFO [main] org.apache.coyote.AbstractProtocol.pause Pausing ProtocolHandler ["ajp-nio-8009"]
19-Aug-2018 13:30:18.947 INFO [main] org.apache.catalina.core.StandardService.stopInternal Stopping service [Catalina]
19-Aug-2018 13:30:18.968 INFO [localhost-startStop-2] org.springframework.context.support.AbstractApplicationContext.doClose Closing Root WebApplicationContext: startup date [Sun Aug 19 13:27:03 EEST 2018]; root of context hierarchy
19-Aug-2018 13:30:19.033 INFO [main] org.apache.coyote.AbstractProtocol.stop Stopping ProtocolHandler ["http-nio-8080"]
19-Aug-2018 13:30:19.036 INFO [main] org.apache.coyote.AbstractProtocol.stop Stopping ProtocolHandler ["ajp-nio-8009"]
19-Aug-2018 13:30:19.039 INFO [main] org.apache.coyote.AbstractProtocol.destroy Destroying ProtocolHandler ["http-nio-8080"]
19-Aug-2018 13:30:19.040 INFO [main] org.apache.coyote.AbstractProtocol.destroy Destroying ProtocolHandler ["ajp-nio-8009"]
19-Aug-2018 13:31:32.460 INFO [main] org.apache.catalina.startup.VersionLoggerListener.log Server version:        Apache Tomcat/8.5.32
19-Aug-2018 13:31:32.461 INFO [main] org.apache.catalina.startup.VersionLoggerListener.log Server built:          Jun 20 2018 19:50:35 UTC
19-Aug-2018 13:31:32.462 INFO [main] org.apache.catalina.startup.VersionLoggerListener.log Server number:         8.5.32.0
19-Aug-2018 13:31:32.462 INFO [main] org.apache.catalina.startup.VersionLoggerListener.log OS Name:               Windows 10
19-Aug-2018 13:31:32.462 INFO [main] org.apache.catalina.startup.VersionLoggerListener.log OS Version:            10.0
19-Aug-2018 13:31:32.462 INFO [main] org.apache.catalina.startup.VersionLoggerListener.log Architecture:          amd64
19-Aug-2018 13:31:32.462 INFO [main] org.apache.catalina.startup.VersionLoggerListener.log Java Home:             C:\Program Files\Java\jdk1.8.0_121\jre
19-Aug-2018 13:31:32.463 INFO [main] org.apache.catalina.startup.VersionLoggerListener.log JVM Version:           1.8.0_121-b13
19-Aug-2018 13:31:32.463 INFO [main] org.apache.catalina.startup.VersionLoggerListener.log JVM Vendor:            Oracle Corporation
19-Aug-2018 13:31:32.463 INFO [main] org.apache.catalina.startup.VersionLoggerListener.log CATALINA_BASE:         C:\Users\Giannis\.IntelliJIdea2018.2\system\tomcat\Tomcat_8_5_32_Nutella
19-Aug-2018 13:31:32.463 INFO [main] org.apache.catalina.startup.VersionLoggerListener.log CATALINA_HOME:         C:\Users\Giannis\Documents\apache-tomcat-8.5.32
19-Aug-2018 13:31:32.464 INFO [main] org.apache.catalina.startup.VersionLoggerListener.log Command line argument: -Djava.util.logging.config.file=C:\Users\Giannis\.IntelliJIdea2018.2\system\tomcat\Tomcat_8_5_32_Nutella\conf\logging.properties
19-Aug-2018 13:31:32.464 INFO [main] org.apache.catalina.startup.VersionLoggerListener.log Command line argument: -Djava.util.logging.manager=org.apache.juli.ClassLoaderLogManager
19-Aug-2018 13:31:32.464 INFO [main] org.apache.catalina.startup.VersionLoggerListener.log Command line argument: -Dcom.sun.management.jmxremote=
19-Aug-2018 13:31:32.465 INFO [main] org.apache.catalina.startup.VersionLoggerListener.log Command line argument: -Dcom.sun.management.jmxremote.port=1099
19-Aug-2018 13:31:32.465 INFO [main] org.apache.catalina.startup.VersionLoggerListener.log Command line argument: -Dcom.sun.management.jmxremote.ssl=false
19-Aug-2018 13:31:32.465 INFO [main] org.apache.catalina.startup.VersionLoggerListener.log Command line argument: -Dcom.sun.management.jmxremote.authenticate=false
19-Aug-2018 13:31:32.465 INFO [main] org.apache.catalina.startup.VersionLoggerListener.log Command line argument: -Djava.rmi.server.hostname=127.0.0.1
19-Aug-2018 13:31:32.465 INFO [main] org.apache.catalina.startup.VersionLoggerListener.log Command line argument: -Djdk.tls.ephemeralDHKeySize=2048
19-Aug-2018 13:31:32.465 INFO [main] org.apache.catalina.startup.VersionLoggerListener.log Command line argument: -Djava.protocol.handler.pkgs=org.apache.catalina.webresources
19-Aug-2018 13:31:32.466 INFO [main] org.apache.catalina.startup.VersionLoggerListener.log Command line argument: -Dignore.endorsed.dirs=
19-Aug-2018 13:31:32.466 INFO [main] org.apache.catalina.startup.VersionLoggerListener.log Command line argument: -Dcatalina.base=C:\Users\Giannis\.IntelliJIdea2018.2\system\tomcat\Tomcat_8_5_32_Nutella
19-Aug-2018 13:31:32.466 INFO [main] org.apache.catalina.startup.VersionLoggerListener.log Command line argument: -Dcatalina.home=C:\Users\Giannis\Documents\apache-tomcat-8.5.32
19-Aug-2018 13:31:32.466 INFO [main] org.apache.catalina.startup.VersionLoggerListener.log Command line argument: -Djava.io.tmpdir=C:\Users\Giannis\Documents\apache-tomcat-8.5.32\temp
19-Aug-2018 13:31:32.466 INFO [main] org.apache.catalina.core.AprLifecycleListener.lifecycleEvent Loaded APR based Apache Tomcat Native library [1.2.17] using APR version [1.6.3].
19-Aug-2018 13:31:32.466 INFO [main] org.apache.catalina.core.AprLifecycleListener.lifecycleEvent APR capabilities: IPv6 [true], sendfile [true], accept filters [false], random [true].
19-Aug-2018 13:31:32.467 INFO [main] org.apache.catalina.core.AprLifecycleListener.lifecycleEvent APR/OpenSSL configuration: useAprConnector [false], useOpenSSL [true]
19-Aug-2018 13:31:33.589 INFO [main] org.apache.catalina.core.AprLifecycleListener.initializeSSL OpenSSL successfully initialized [OpenSSL 1.0.2o  27 Mar 2018]
19-Aug-2018 13:31:33.853 INFO [main] org.apache.coyote.AbstractProtocol.init Initializing ProtocolHandler ["http-nio-8080"]
19-Aug-2018 13:31:33.875 INFO [main] org.apache.tomcat.util.net.NioSelectorPool.getSharedSelector Using a shared selector for servlet write/read
19-Aug-2018 13:31:33.884 INFO [main] org.apache.coyote.AbstractProtocol.init Initializing ProtocolHandler ["ajp-nio-8009"]
19-Aug-2018 13:31:33.887 INFO [main] org.apache.tomcat.util.net.NioSelectorPool.getSharedSelector Using a shared selector for servlet write/read
19-Aug-2018 13:31:33.887 INFO [main] org.apache.catalina.startup.Catalina.load Initialization processed in 1889 ms
19-Aug-2018 13:31:33.924 INFO [main] org.apache.catalina.core.StandardService.startInternal Starting service [Catalina]
19-Aug-2018 13:31:33.924 INFO [main] org.apache.catalina.core.StandardEngine.startInternal Starting Servlet Engine: Apache Tomcat/8.5.32
19-Aug-2018 13:31:33.939 INFO [main] org.apache.coyote.AbstractProtocol.start Starting ProtocolHandler ["http-nio-8080"]
19-Aug-2018 13:31:33.953 INFO [main] org.apache.coyote.AbstractProtocol.start Starting ProtocolHandler ["ajp-nio-8009"]
19-Aug-2018 13:31:33.959 INFO [main] org.apache.catalina.startup.Catalina.start Server startup in 71 ms
19-Aug-2018 13:31:34.750 WARNING [RMI TCP Connection(5)-127.0.0.1] org.apache.tomcat.util.descriptor.web.WebXml.setVersion Unknown version string [4.0]. Default version will be used.
19-Aug-2018 13:31:42.443 INFO [RMI TCP Connection(5)-127.0.0.1] org.apache.jasper.servlet.TldScanner.scanJars At least one JAR was scanned for TLDs yet contained no TLDs. Enable debug logging for this logger for a complete list of JARs that were scanned but no TLDs were found in them. Skipping unneeded JARs during scanning can improve startup time and JSP compilation time.
19-Aug-2018 13:31:42.549 INFO [RMI TCP Connection(5)-127.0.0.1] org.springframework.web.context.ContextLoader.initWebApplicationContext Root WebApplicationContext: initialization started
19-Aug-2018 13:31:42.822 INFO [RMI TCP Connection(5)-127.0.0.1] org.springframework.context.support.AbstractApplicationContext.prepareRefresh Refreshing Root WebApplicationContext: startup date [Sun Aug 19 13:31:42 EEST 2018]; root of context hierarchy
19-Aug-2018 13:31:43.043 INFO [RMI TCP Connection(5)-127.0.0.1] org.springframework.beans.factory.xml.XmlBeanDefinitionReader.loadBeanDefinitions Loading XML bean definitions from ServletContext resource [/WEB-INF/cxf-beans.xml]
19-Aug-2018 13:31:43.388 INFO [RMI TCP Connection(5)-127.0.0.1] org.springframework.beans.factory.xml.XmlBeanDefinitionReader.loadBeanDefinitions Loading XML bean definitions from class path resource [META-INF/cxf/cxf.xml]
19-Aug-2018 13:31:43.942 INFO [localhost-startStop-1] org.apache.catalina.startup.HostConfig.deployDirectory Deploying web application directory [C:\Users\Giannis\Documents\apache-tomcat-8.5.32\webapps\manager]
19-Aug-2018 13:31:44.051 INFO [localhost-startStop-1] org.apache.catalina.startup.HostConfig.deployDirectory Deployment of web application directory [C:\Users\Giannis\Documents\apache-tomcat-8.5.32\webapps\manager] has finished in [107] ms
19-Aug-2018 13:31:45.727 INFO [RMI TCP Connection(5)-127.0.0.1] org.apache.cxf.endpoint.ServerImpl.initDestination Setting the server's publish address to be /rest
19-Aug-2018 13:31:45.974 INFO [RMI TCP Connection(5)-127.0.0.1] org.springframework.web.context.ContextLoader.initWebApplicationContext Root WebApplicationContext: initialization completed in 3424 ms
19-Aug-2018 13:32:03.592 SEVERE [http-nio-8080-exec-5] org.apache.cxf.jaxrs.utils.JAXRSUtils.logMessageHandlerProblem No message body reader has been found for class java.lang.String, ContentType: application/octet-stream
19-Aug-2018 13:32:03.644 WARNING [http-nio-8080-exec-5] org.apache.cxf.jaxrs.impl.WebApplicationExceptionMapper.toResponse javax.ws.rs.WebApplicationException: HTTP 415 Unsupported Media Type
	at org.apache.cxf.jaxrs.utils.JAXRSUtils.readFromMessageBody(JAXRSUtils.java:1327)
	at org.apache.cxf.jaxrs.utils.JAXRSUtils.processParameter(JAXRSUtils.java:835)
	at org.apache.cxf.jaxrs.utils.JAXRSUtils.processParameters(JAXRSUtils.java:794)
	at org.apache.cxf.jaxrs.interceptor.JAXRSInInterceptor.processRequest(JAXRSInInterceptor.java:214)
	at org.apache.cxf.jaxrs.interceptor.JAXRSInInterceptor.handleMessage(JAXRSInInterceptor.java:78)
	at org.apache.cxf.phase.PhaseInterceptorChain.doIntercept(PhaseInterceptorChain.java:308)
	at org.apache.cxf.transport.ChainInitiationObserver.onMessage(ChainInitiationObserver.java:121)
	at org.apache.cxf.transport.http.AbstractHTTPDestination.invoke(AbstractHTTPDestination.java:267)
	at org.apache.cxf.transport.servlet.ServletController.invokeDestination(ServletController.java:234)
	at org.apache.cxf.transport.servlet.ServletController.invoke(ServletController.java:208)
	at org.apache.cxf.transport.servlet.ServletController.invoke(ServletController.java:160)
	at org.apache.cxf.transport.servlet.CXFNonSpringServlet.invoke(CXFNonSpringServlet.java:216)
	at org.apache.cxf.transport.servlet.AbstractHTTPServlet.handleRequest(AbstractHTTPServlet.java:301)
	at org.apache.cxf.transport.servlet.AbstractHTTPServlet.doGet(AbstractHTTPServlet.java:225)
	at javax.servlet.http.HttpServlet.service(HttpServlet.java:635)
	at org.apache.cxf.transport.servlet.AbstractHTTPServlet.service(AbstractHTTPServlet.java:276)
	at org.apache.catalina.core.ApplicationFilterChain.internalDoFilter(ApplicationFilterChain.java:231)
	at org.apache.catalina.core.ApplicationFilterChain.doFilter(ApplicationFilterChain.java:166)
	at org.apache.tomcat.websocket.server.WsFilter.doFilter(WsFilter.java:52)
	at org.apache.catalina.core.ApplicationFilterChain.internalDoFilter(ApplicationFilterChain.java:193)
	at org.apache.catalina.core.ApplicationFilterChain.doFilter(ApplicationFilterChain.java:166)
	at org.apache.catalina.core.StandardWrapperValve.invoke(StandardWrapperValve.java:198)
	at org.apache.catalina.core.StandardContextValve.invoke(StandardContextValve.java:96)
	at org.apache.catalina.authenticator.AuthenticatorBase.invoke(AuthenticatorBase.java:493)
	at org.apache.catalina.core.StandardHostValve.invoke(StandardHostValve.java:140)
	at org.apache.catalina.valves.ErrorReportValve.invoke(ErrorReportValve.java:81)
	at org.apache.catalina.valves.AbstractAccessLogValve.invoke(AbstractAccessLogValve.java:650)
	at org.apache.catalina.core.StandardEngineValve.invoke(StandardEngineValve.java:87)
	at org.apache.catalina.connector.CoyoteAdapter.service(CoyoteAdapter.java:342)
	at org.apache.coyote.http11.Http11Processor.service(Http11Processor.java:800)
	at org.apache.coyote.AbstractProcessorLight.process(AbstractProcessorLight.java:66)
	at org.apache.coyote.AbstractProtocol$ConnectionHandler.process(AbstractProtocol.java:800)
	at org.apache.tomcat.util.net.NioEndpoint$SocketProcessor.doRun(NioEndpoint.java:1471)
	at org.apache.tomcat.util.net.SocketProcessorBase.run(SocketProcessorBase.java:49)
	at java.util.concurrent.ThreadPoolExecutor.runWorker(ThreadPoolExecutor.java:1142)
	at java.util.concurrent.ThreadPoolExecutor$Worker.run(ThreadPoolExecutor.java:617)
	at org.apache.tomcat.util.threads.TaskThread$WrappingRunnable.run(TaskThread.java:61)
	at java.lang.Thread.run(Thread.java:745)

19-Aug-2018 13:32:10.330 INFO [main] org.apache.catalina.core.StandardServer.await A valid shutdown command was received via the shutdown port. Stopping the Server instance.
19-Aug-2018 13:32:10.331 INFO [main] org.apache.coyote.AbstractProtocol.pause Pausing ProtocolHandler ["http-nio-8080"]
19-Aug-2018 13:32:10.503 INFO [main] org.apache.coyote.AbstractProtocol.pause Pausing ProtocolHandler ["ajp-nio-8009"]
19-Aug-2018 13:32:10.661 INFO [main] org.apache.catalina.core.StandardService.stopInternal Stopping service [Catalina]
19-Aug-2018 13:32:10.678 INFO [localhost-startStop-2] org.springframework.context.support.AbstractApplicationContext.doClose Closing Root WebApplicationContext: startup date [Sun Aug 19 13:31:42 EEST 2018]; root of context hierarchy
19-Aug-2018 13:32:10.727 INFO [main] org.apache.coyote.AbstractProtocol.stop Stopping ProtocolHandler ["http-nio-8080"]
19-Aug-2018 13:32:10.729 INFO [main] org.apache.coyote.AbstractProtocol.stop Stopping ProtocolHandler ["ajp-nio-8009"]
19-Aug-2018 13:32:10.731 INFO [main] org.apache.coyote.AbstractProtocol.destroy Destroying ProtocolHandler ["http-nio-8080"]
19-Aug-2018 13:32:10.732 INFO [main] org.apache.coyote.AbstractProtocol.destroy Destroying ProtocolHandler ["ajp-nio-8009"]
19-Aug-2018 13:51:40.847 INFO [main] org.apache.catalina.startup.VersionLoggerListener.log Server version:        Apache Tomcat/8.5.32
19-Aug-2018 13:51:40.847 INFO [main] org.apache.catalina.startup.VersionLoggerListener.log Server built:          Jun 20 2018 19:50:35 UTC
19-Aug-2018 13:51:40.847 INFO [main] org.apache.catalina.startup.VersionLoggerListener.log Server number:         8.5.32.0
19-Aug-2018 13:51:40.847 INFO [main] org.apache.catalina.startup.VersionLoggerListener.log OS Name:               Windows 10
19-Aug-2018 13:51:40.847 INFO [main] org.apache.catalina.startup.VersionLoggerListener.log OS Version:            10.0
19-Aug-2018 13:51:40.853 INFO [main] org.apache.catalina.startup.VersionLoggerListener.log Architecture:          amd64
19-Aug-2018 13:51:40.853 INFO [main] org.apache.catalina.startup.VersionLoggerListener.log Java Home:             C:\Program Files\Java\jdk1.8.0_121\jre
19-Aug-2018 13:51:40.853 INFO [main] org.apache.catalina.startup.VersionLoggerListener.log JVM Version:           1.8.0_121-b13
19-Aug-2018 13:51:40.853 INFO [main] org.apache.catalina.startup.VersionLoggerListener.log JVM Vendor:            Oracle Corporation
19-Aug-2018 13:51:40.853 INFO [main] org.apache.catalina.startup.VersionLoggerListener.log CATALINA_BASE:         C:\Users\Giannis\.IntelliJIdea2018.2\system\tomcat\Tomcat_8_5_32_Nutella
19-Aug-2018 13:51:40.853 INFO [main] org.apache.catalina.startup.VersionLoggerListener.log CATALINA_HOME:         C:\Users\Giannis\Documents\apache-tomcat-8.5.32
19-Aug-2018 13:51:40.853 INFO [main] org.apache.catalina.startup.VersionLoggerListener.log Command line argument: -Djava.util.logging.config.file=C:\Users\Giannis\.IntelliJIdea2018.2\system\tomcat\Tomcat_8_5_32_Nutella\conf\logging.properties
19-Aug-2018 13:51:40.853 INFO [main] org.apache.catalina.startup.VersionLoggerListener.log Command line argument: -Djava.util.logging.manager=org.apache.juli.ClassLoaderLogManager
19-Aug-2018 13:51:40.853 INFO [main] org.apache.catalina.startup.VersionLoggerListener.log Command line argument: -Dcom.sun.management.jmxremote=
19-Aug-2018 13:51:40.853 INFO [main] org.apache.catalina.startup.VersionLoggerListener.log Command line argument: -Dcom.sun.management.jmxremote.port=1099
19-Aug-2018 13:51:40.853 INFO [main] org.apache.catalina.startup.VersionLoggerListener.log Command line argument: -Dcom.sun.management.jmxremote.ssl=false
19-Aug-2018 13:51:40.853 INFO [main] org.apache.catalina.startup.VersionLoggerListener.log Command line argument: -Dcom.sun.management.jmxremote.authenticate=false
19-Aug-2018 13:51:40.853 INFO [main] org.apache.catalina.startup.VersionLoggerListener.log Command line argument: -Djava.rmi.server.hostname=127.0.0.1
19-Aug-2018 13:51:40.853 INFO [main] org.apache.catalina.startup.VersionLoggerListener.log Command line argument: -Djdk.tls.ephemeralDHKeySize=2048
19-Aug-2018 13:51:40.853 INFO [main] org.apache.catalina.startup.VersionLoggerListener.log Command line argument: -Djava.protocol.handler.pkgs=org.apache.catalina.webresources
19-Aug-2018 13:51:40.853 INFO [main] org.apache.catalina.startup.VersionLoggerListener.log Command line argument: -Dignore.endorsed.dirs=
19-Aug-2018 13:51:40.853 INFO [main] org.apache.catalina.startup.VersionLoggerListener.log Command line argument: -Dcatalina.base=C:\Users\Giannis\.IntelliJIdea2018.2\system\tomcat\Tomcat_8_5_32_Nutella
19-Aug-2018 13:51:40.853 INFO [main] org.apache.catalina.startup.VersionLoggerListener.log Command line argument: -Dcatalina.home=C:\Users\Giannis\Documents\apache-tomcat-8.5.32
19-Aug-2018 13:51:40.853 INFO [main] org.apache.catalina.startup.VersionLoggerListener.log Command line argument: -Djava.io.tmpdir=C:\Users\Giannis\Documents\apache-tomcat-8.5.32\temp
19-Aug-2018 13:51:40.857 INFO [main] org.apache.catalina.core.AprLifecycleListener.lifecycleEvent Loaded APR based Apache Tomcat Native library [1.2.17] using APR version [1.6.3].
19-Aug-2018 13:51:40.857 INFO [main] org.apache.catalina.core.AprLifecycleListener.lifecycleEvent APR capabilities: IPv6 [true], sendfile [true], accept filters [false], random [true].
19-Aug-2018 13:51:40.863 INFO [main] org.apache.catalina.core.AprLifecycleListener.lifecycleEvent APR/OpenSSL configuration: useAprConnector [false], useOpenSSL [true]
19-Aug-2018 13:51:41.953 INFO [main] org.apache.catalina.core.AprLifecycleListener.initializeSSL OpenSSL successfully initialized [OpenSSL 1.0.2o  27 Mar 2018]
19-Aug-2018 13:51:42.167 INFO [main] org.apache.coyote.AbstractProtocol.init Initializing ProtocolHandler ["http-nio-8080"]
19-Aug-2018 13:51:42.203 INFO [main] org.apache.tomcat.util.net.NioSelectorPool.getSharedSelector Using a shared selector for servlet write/read
19-Aug-2018 13:51:42.217 INFO [main] org.apache.coyote.AbstractProtocol.init Initializing ProtocolHandler ["ajp-nio-8009"]
19-Aug-2018 13:51:42.220 INFO [main] org.apache.tomcat.util.net.NioSelectorPool.getSharedSelector Using a shared selector for servlet write/read
19-Aug-2018 13:51:42.221 INFO [main] org.apache.catalina.startup.Catalina.load Initialization processed in 1847 ms
19-Aug-2018 13:51:42.255 INFO [main] org.apache.catalina.core.StandardService.startInternal Starting service [Catalina]
19-Aug-2018 13:51:42.255 INFO [main] org.apache.catalina.core.StandardEngine.startInternal Starting Servlet Engine: Apache Tomcat/8.5.32
19-Aug-2018 13:51:42.268 INFO [main] org.apache.coyote.AbstractProtocol.start Starting ProtocolHandler ["http-nio-8080"]
19-Aug-2018 13:51:42.278 INFO [main] org.apache.coyote.AbstractProtocol.start Starting ProtocolHandler ["ajp-nio-8009"]
19-Aug-2018 13:51:42.287 INFO [main] org.apache.catalina.startup.Catalina.start Server startup in 67 ms
19-Aug-2018 13:51:43.122 WARNING [RMI TCP Connection(3)-127.0.0.1] org.apache.tomcat.util.descriptor.web.WebXml.setVersion Unknown version string [4.0]. Default version will be used.
19-Aug-2018 13:51:50.383 INFO [RMI TCP Connection(3)-127.0.0.1] org.apache.jasper.servlet.TldScanner.scanJars At least one JAR was scanned for TLDs yet contained no TLDs. Enable debug logging for this logger for a complete list of JARs that were scanned but no TLDs were found in them. Skipping unneeded JARs during scanning can improve startup time and JSP compilation time.
19-Aug-2018 13:51:50.507 INFO [RMI TCP Connection(3)-127.0.0.1] org.springframework.web.context.ContextLoader.initWebApplicationContext Root WebApplicationContext: initialization started
19-Aug-2018 13:51:50.725 INFO [RMI TCP Connection(3)-127.0.0.1] org.springframework.context.support.AbstractApplicationContext.prepareRefresh Refreshing Root WebApplicationContext: startup date [Sun Aug 19 13:51:50 EEST 2018]; root of context hierarchy
19-Aug-2018 13:51:50.913 INFO [RMI TCP Connection(3)-127.0.0.1] org.springframework.beans.factory.xml.XmlBeanDefinitionReader.loadBeanDefinitions Loading XML bean definitions from ServletContext resource [/WEB-INF/cxf-beans.xml]
19-Aug-2018 13:51:51.177 INFO [RMI TCP Connection(3)-127.0.0.1] org.springframework.beans.factory.xml.XmlBeanDefinitionReader.loadBeanDefinitions Loading XML bean definitions from class path resource [META-INF/cxf/cxf.xml]
19-Aug-2018 13:51:52.287 INFO [localhost-startStop-1] org.apache.catalina.startup.HostConfig.deployDirectory Deploying web application directory [C:\Users\Giannis\Documents\apache-tomcat-8.5.32\webapps\manager]
19-Aug-2018 13:51:52.394 INFO [localhost-startStop-1] org.apache.catalina.startup.HostConfig.deployDirectory Deployment of web application directory [C:\Users\Giannis\Documents\apache-tomcat-8.5.32\webapps\manager] has finished in [105] ms
19-Aug-2018 13:51:53.167 INFO [RMI TCP Connection(3)-127.0.0.1] org.apache.cxf.endpoint.ServerImpl.initDestination Setting the server's publish address to be /rest
19-Aug-2018 13:51:53.427 INFO [RMI TCP Connection(3)-127.0.0.1] org.springframework.web.context.ContextLoader.initWebApplicationContext Root WebApplicationContext: initialization completed in 2920 ms
19-Aug-2018 13:53:31.373 INFO [main] org.apache.catalina.core.StandardServer.await A valid shutdown command was received via the shutdown port. Stopping the Server instance.
19-Aug-2018 13:53:31.373 INFO [main] org.apache.coyote.AbstractProtocol.pause Pausing ProtocolHandler ["http-nio-8080"]
19-Aug-2018 13:53:31.563 INFO [main] org.apache.coyote.AbstractProtocol.pause Pausing ProtocolHandler ["ajp-nio-8009"]
19-Aug-2018 13:53:31.743 INFO [main] org.apache.catalina.core.StandardService.stopInternal Stopping service [Catalina]
19-Aug-2018 13:53:31.763 INFO [localhost-startStop-2] org.springframework.context.support.AbstractApplicationContext.doClose Closing Root WebApplicationContext: startup date [Sun Aug 19 13:51:50 EEST 2018]; root of context hierarchy
19-Aug-2018 13:53:31.804 WARNING [localhost-startStop-2] org.apache.catalina.loader.WebappClassLoaderBase.clearReferencesJdbc The web application [ROOT] registered the JDBC driver [com.mysql.jdbc.Driver] but failed to unregister it when the web application was stopped. To prevent a memory leak, the JDBC Driver has been forcibly unregistered.
19-Aug-2018 13:53:31.808 WARNING [localhost-startStop-2] org.apache.catalina.loader.WebappClassLoaderBase.clearReferencesThreads The web application [ROOT] appears to have started a thread named [Abandoned connection cleanup thread] but has failed to stop it. This is very likely to create a memory leak. Stack trace of thread:
 java.lang.Object.wait(Native Method)
 java.lang.ref.ReferenceQueue.remove(ReferenceQueue.java:143)
 com.mysql.jdbc.AbandonedConnectionCleanupThread.run(AbandonedConnectionCleanupThread.java:64)
 java.util.concurrent.ThreadPoolExecutor.runWorker(ThreadPoolExecutor.java:1142)
 java.util.concurrent.ThreadPoolExecutor$Worker.run(ThreadPoolExecutor.java:617)
 java.lang.Thread.run(Thread.java:745)
19-Aug-2018 13:53:31.818 INFO [main] org.apache.coyote.AbstractProtocol.stop Stopping ProtocolHandler ["http-nio-8080"]
19-Aug-2018 13:53:31.827 INFO [main] org.apache.coyote.AbstractProtocol.stop Stopping ProtocolHandler ["ajp-nio-8009"]
19-Aug-2018 13:53:31.829 INFO [main] org.apache.coyote.AbstractProtocol.destroy Destroying ProtocolHandler ["http-nio-8080"]
19-Aug-2018 13:53:31.830 INFO [main] org.apache.coyote.AbstractProtocol.destroy Destroying ProtocolHandler ["ajp-nio-8009"]
19-Aug-2018 14:02:46.701 INFO [main] org.apache.catalina.startup.VersionLoggerListener.log Server version:        Apache Tomcat/8.5.32
19-Aug-2018 14:02:46.701 INFO [main] org.apache.catalina.startup.VersionLoggerListener.log Server built:          Jun 20 2018 19:50:35 UTC
19-Aug-2018 14:02:46.701 INFO [main] org.apache.catalina.startup.VersionLoggerListener.log Server number:         8.5.32.0
19-Aug-2018 14:02:46.701 INFO [main] org.apache.catalina.startup.VersionLoggerListener.log OS Name:               Windows 10
19-Aug-2018 14:02:46.701 INFO [main] org.apache.catalina.startup.VersionLoggerListener.log OS Version:            10.0
19-Aug-2018 14:02:46.701 INFO [main] org.apache.catalina.startup.VersionLoggerListener.log Architecture:          amd64
19-Aug-2018 14:02:46.701 INFO [main] org.apache.catalina.startup.VersionLoggerListener.log Java Home:             C:\Program Files\Java\jdk1.8.0_121\jre
19-Aug-2018 14:02:46.701 INFO [main] org.apache.catalina.startup.VersionLoggerListener.log JVM Version:           1.8.0_121-b13
19-Aug-2018 14:02:46.707 INFO [main] org.apache.catalina.startup.VersionLoggerListener.log JVM Vendor:            Oracle Corporation
19-Aug-2018 14:02:46.707 INFO [main] org.apache.catalina.startup.VersionLoggerListener.log CATALINA_BASE:         C:\Users\Giannis\.IntelliJIdea2018.2\system\tomcat\Tomcat_8_5_32_Nutella
19-Aug-2018 14:02:46.707 INFO [main] org.apache.catalina.startup.VersionLoggerListener.log CATALINA_HOME:         C:\Users\Giannis\Documents\apache-tomcat-8.5.32
19-Aug-2018 14:02:46.707 INFO [main] org.apache.catalina.startup.VersionLoggerListener.log Command line argument: -Djava.util.logging.config.file=C:\Users\Giannis\.IntelliJIdea2018.2\system\tomcat\Tomcat_8_5_32_Nutella\conf\logging.properties
19-Aug-2018 14:02:46.707 INFO [main] org.apache.catalina.startup.VersionLoggerListener.log Command line argument: -Djava.util.logging.manager=org.apache.juli.ClassLoaderLogManager
19-Aug-2018 14:02:46.707 INFO [main] org.apache.catalina.startup.VersionLoggerListener.log Command line argument: -Dcom.sun.management.jmxremote=
19-Aug-2018 14:02:46.707 INFO [main] org.apache.catalina.startup.VersionLoggerListener.log Command line argument: -Dcom.sun.management.jmxremote.port=1099
19-Aug-2018 14:02:46.707 INFO [main] org.apache.catalina.startup.VersionLoggerListener.log Command line argument: -Dcom.sun.management.jmxremote.ssl=false
19-Aug-2018 14:02:46.707 INFO [main] org.apache.catalina.startup.VersionLoggerListener.log Command line argument: -Dcom.sun.management.jmxremote.authenticate=false
19-Aug-2018 14:02:46.707 INFO [main] org.apache.catalina.startup.VersionLoggerListener.log Command line argument: -Djava.rmi.server.hostname=127.0.0.1
19-Aug-2018 14:02:46.711 INFO [main] org.apache.catalina.startup.VersionLoggerListener.log Command line argument: -Djdk.tls.ephemeralDHKeySize=2048
19-Aug-2018 14:02:46.711 INFO [main] org.apache.catalina.startup.VersionLoggerListener.log Command line argument: -Djava.protocol.handler.pkgs=org.apache.catalina.webresources
19-Aug-2018 14:02:46.711 INFO [main] org.apache.catalina.startup.VersionLoggerListener.log Command line argument: -Dignore.endorsed.dirs=
19-Aug-2018 14:02:46.711 INFO [main] org.apache.catalina.startup.VersionLoggerListener.log Command line argument: -Dcatalina.base=C:\Users\Giannis\.IntelliJIdea2018.2\system\tomcat\Tomcat_8_5_32_Nutella
19-Aug-2018 14:02:46.711 INFO [main] org.apache.catalina.startup.VersionLoggerListener.log Command line argument: -Dcatalina.home=C:\Users\Giannis\Documents\apache-tomcat-8.5.32
19-Aug-2018 14:02:46.711 INFO [main] org.apache.catalina.startup.VersionLoggerListener.log Command line argument: -Djava.io.tmpdir=C:\Users\Giannis\Documents\apache-tomcat-8.5.32\temp
19-Aug-2018 14:02:46.711 INFO [main] org.apache.catalina.core.AprLifecycleListener.lifecycleEvent Loaded APR based Apache Tomcat Native library [1.2.17] using APR version [1.6.3].
19-Aug-2018 14:02:46.711 INFO [main] org.apache.catalina.core.AprLifecycleListener.lifecycleEvent APR capabilities: IPv6 [true], sendfile [true], accept filters [false], random [true].
19-Aug-2018 14:02:46.711 INFO [main] org.apache.catalina.core.AprLifecycleListener.lifecycleEvent APR/OpenSSL configuration: useAprConnector [false], useOpenSSL [true]
19-Aug-2018 14:02:47.837 INFO [main] org.apache.catalina.core.AprLifecycleListener.initializeSSL OpenSSL successfully initialized [OpenSSL 1.0.2o  27 Mar 2018]
19-Aug-2018 14:02:48.059 INFO [main] org.apache.coyote.AbstractProtocol.init Initializing ProtocolHandler ["http-nio-8080"]
19-Aug-2018 14:02:48.111 INFO [main] org.apache.tomcat.util.net.NioSelectorPool.getSharedSelector Using a shared selector for servlet write/read
19-Aug-2018 14:02:48.121 INFO [main] org.apache.coyote.AbstractProtocol.init Initializing ProtocolHandler ["ajp-nio-8009"]
19-Aug-2018 14:02:48.128 INFO [main] org.apache.tomcat.util.net.NioSelectorPool.getSharedSelector Using a shared selector for servlet write/read
19-Aug-2018 14:02:48.128 INFO [main] org.apache.catalina.startup.Catalina.load Initialization processed in 1925 ms
19-Aug-2018 14:02:48.169 INFO [main] org.apache.catalina.core.StandardService.startInternal Starting service [Catalina]
19-Aug-2018 14:02:48.169 INFO [main] org.apache.catalina.core.StandardEngine.startInternal Starting Servlet Engine: Apache Tomcat/8.5.32
19-Aug-2018 14:02:48.187 INFO [main] org.apache.coyote.AbstractProtocol.start Starting ProtocolHandler ["http-nio-8080"]
19-Aug-2018 14:02:48.199 INFO [main] org.apache.coyote.AbstractProtocol.start Starting ProtocolHandler ["ajp-nio-8009"]
19-Aug-2018 14:02:48.209 INFO [main] org.apache.catalina.startup.Catalina.start Server startup in 79 ms
19-Aug-2018 14:02:48.920 WARNING [RMI TCP Connection(3)-127.0.0.1] org.apache.tomcat.util.descriptor.web.WebXml.setVersion Unknown version string [4.0]. Default version will be used.
19-Aug-2018 14:02:55.875 INFO [RMI TCP Connection(3)-127.0.0.1] org.apache.jasper.servlet.TldScanner.scanJars At least one JAR was scanned for TLDs yet contained no TLDs. Enable debug logging for this logger for a complete list of JARs that were scanned but no TLDs were found in them. Skipping unneeded JARs during scanning can improve startup time and JSP compilation time.
19-Aug-2018 14:02:55.968 INFO [RMI TCP Connection(3)-127.0.0.1] org.springframework.web.context.ContextLoader.initWebApplicationContext Root WebApplicationContext: initialization started
19-Aug-2018 14:02:56.200 INFO [RMI TCP Connection(3)-127.0.0.1] org.springframework.context.support.AbstractApplicationContext.prepareRefresh Refreshing Root WebApplicationContext: startup date [Sun Aug 19 14:02:56 EEST 2018]; root of context hierarchy
19-Aug-2018 14:02:56.411 INFO [RMI TCP Connection(3)-127.0.0.1] org.springframework.beans.factory.xml.XmlBeanDefinitionReader.loadBeanDefinitions Loading XML bean definitions from ServletContext resource [/WEB-INF/cxf-beans.xml]
19-Aug-2018 14:02:56.686 INFO [RMI TCP Connection(3)-127.0.0.1] org.springframework.beans.factory.xml.XmlBeanDefinitionReader.loadBeanDefinitions Loading XML bean definitions from class path resource [META-INF/cxf/cxf.xml]
19-Aug-2018 14:02:58.198 INFO [localhost-startStop-1] org.apache.catalina.startup.HostConfig.deployDirectory Deploying web application directory [C:\Users\Giannis\Documents\apache-tomcat-8.5.32\webapps\manager]
19-Aug-2018 14:02:58.292 INFO [localhost-startStop-1] org.apache.catalina.startup.HostConfig.deployDirectory Deployment of web application directory [C:\Users\Giannis\Documents\apache-tomcat-8.5.32\webapps\manager] has finished in [94] ms
19-Aug-2018 14:02:58.672 INFO [RMI TCP Connection(3)-127.0.0.1] org.apache.cxf.endpoint.ServerImpl.initDestination Setting the server's publish address to be /rest
19-Aug-2018 14:02:58.901 INFO [RMI TCP Connection(3)-127.0.0.1] org.springframework.web.context.ContextLoader.initWebApplicationContext Root WebApplicationContext: initialization completed in 2933 ms
19-Aug-2018 14:03:54.391 INFO [main] org.apache.catalina.core.StandardServer.await A valid shutdown command was received via the shutdown port. Stopping the Server instance.
19-Aug-2018 14:03:54.391 INFO [main] org.apache.coyote.AbstractProtocol.pause Pausing ProtocolHandler ["http-nio-8080"]
19-Aug-2018 14:03:54.557 INFO [main] org.apache.coyote.AbstractProtocol.pause Pausing ProtocolHandler ["ajp-nio-8009"]
19-Aug-2018 14:03:54.737 INFO [main] org.apache.catalina.core.StandardService.stopInternal Stopping service [Catalina]
19-Aug-2018 14:03:54.747 INFO [localhost-startStop-2] org.springframework.context.support.AbstractApplicationContext.doClose Closing Root WebApplicationContext: startup date [Sun Aug 19 14:02:56 EEST 2018]; root of context hierarchy
19-Aug-2018 14:03:54.787 WARNING [localhost-startStop-2] org.apache.catalina.loader.WebappClassLoaderBase.clearReferencesJdbc The web application [ROOT] registered the JDBC driver [com.mysql.jdbc.Driver] but failed to unregister it when the web application was stopped. To prevent a memory leak, the JDBC Driver has been forcibly unregistered.
19-Aug-2018 14:03:54.787 WARNING [localhost-startStop-2] org.apache.catalina.loader.WebappClassLoaderBase.clearReferencesThreads The web application [ROOT] appears to have started a thread named [Abandoned connection cleanup thread] but has failed to stop it. This is very likely to create a memory leak. Stack trace of thread:
 java.lang.Object.wait(Native Method)
 java.lang.ref.ReferenceQueue.remove(ReferenceQueue.java:143)
 com.mysql.jdbc.AbandonedConnectionCleanupThread.run(AbandonedConnectionCleanupThread.java:64)
 java.util.concurrent.ThreadPoolExecutor.runWorker(ThreadPoolExecutor.java:1142)
 java.util.concurrent.ThreadPoolExecutor$Worker.run(ThreadPoolExecutor.java:617)
 java.lang.Thread.run(Thread.java:745)
19-Aug-2018 14:03:54.797 INFO [main] org.apache.coyote.AbstractProtocol.stop Stopping ProtocolHandler ["http-nio-8080"]
19-Aug-2018 14:03:54.807 INFO [main] org.apache.coyote.AbstractProtocol.stop Stopping ProtocolHandler ["ajp-nio-8009"]
19-Aug-2018 14:03:54.807 INFO [main] org.apache.coyote.AbstractProtocol.destroy Destroying ProtocolHandler ["http-nio-8080"]
19-Aug-2018 14:03:54.807 INFO [main] org.apache.coyote.AbstractProtocol.destroy Destroying ProtocolHandler ["ajp-nio-8009"]
19-Aug-2018 14:37:15.930 INFO [main] org.apache.catalina.startup.VersionLoggerListener.log Server version:        Apache Tomcat/8.5.32
19-Aug-2018 14:37:15.935 INFO [main] org.apache.catalina.startup.VersionLoggerListener.log Server built:          Jun 20 2018 19:50:35 UTC
19-Aug-2018 14:37:15.935 INFO [main] org.apache.catalina.startup.VersionLoggerListener.log Server number:         8.5.32.0
19-Aug-2018 14:37:15.935 INFO [main] org.apache.catalina.startup.VersionLoggerListener.log OS Name:               Windows 10
19-Aug-2018 14:37:15.935 INFO [main] org.apache.catalina.startup.VersionLoggerListener.log OS Version:            10.0
19-Aug-2018 14:37:15.935 INFO [main] org.apache.catalina.startup.VersionLoggerListener.log Architecture:          amd64
19-Aug-2018 14:37:15.935 INFO [main] org.apache.catalina.startup.VersionLoggerListener.log Java Home:             C:\Program Files\Java\jdk1.8.0_121\jre
19-Aug-2018 14:37:15.935 INFO [main] org.apache.catalina.startup.VersionLoggerListener.log JVM Version:           1.8.0_121-b13
19-Aug-2018 14:37:15.935 INFO [main] org.apache.catalina.startup.VersionLoggerListener.log JVM Vendor:            Oracle Corporation
19-Aug-2018 14:37:15.935 INFO [main] org.apache.catalina.startup.VersionLoggerListener.log CATALINA_BASE:         C:\Users\Giannis\.IntelliJIdea2018.2\system\tomcat\Tomcat_8_5_32_Nutella
19-Aug-2018 14:37:15.935 INFO [main] org.apache.catalina.startup.VersionLoggerListener.log CATALINA_HOME:         C:\Users\Giannis\Documents\apache-tomcat-8.5.32
19-Aug-2018 14:37:15.935 INFO [main] org.apache.catalina.startup.VersionLoggerListener.log Command line argument: -Djava.util.logging.config.file=C:\Users\Giannis\.IntelliJIdea2018.2\system\tomcat\Tomcat_8_5_32_Nutella\conf\logging.properties
19-Aug-2018 14:37:15.935 INFO [main] org.apache.catalina.startup.VersionLoggerListener.log Command line argument: -Djava.util.logging.manager=org.apache.juli.ClassLoaderLogManager
19-Aug-2018 14:37:15.935 INFO [main] org.apache.catalina.startup.VersionLoggerListener.log Command line argument: -Dcom.sun.management.jmxremote=
19-Aug-2018 14:37:15.935 INFO [main] org.apache.catalina.startup.VersionLoggerListener.log Command line argument: -Dcom.sun.management.jmxremote.port=1099
19-Aug-2018 14:37:15.935 INFO [main] org.apache.catalina.startup.VersionLoggerListener.log Command line argument: -Dcom.sun.management.jmxremote.ssl=false
19-Aug-2018 14:37:15.935 INFO [main] org.apache.catalina.startup.VersionLoggerListener.log Command line argument: -Dcom.sun.management.jmxremote.authenticate=false
19-Aug-2018 14:37:15.935 INFO [main] org.apache.catalina.startup.VersionLoggerListener.log Command line argument: -Djava.rmi.server.hostname=127.0.0.1
19-Aug-2018 14:37:15.935 INFO [main] org.apache.catalina.startup.VersionLoggerListener.log Command line argument: -Djdk.tls.ephemeralDHKeySize=2048
19-Aug-2018 14:37:15.935 INFO [main] org.apache.catalina.startup.VersionLoggerListener.log Command line argument: -Djava.protocol.handler.pkgs=org.apache.catalina.webresources
19-Aug-2018 14:37:15.935 INFO [main] org.apache.catalina.startup.VersionLoggerListener.log Command line argument: -Dignore.endorsed.dirs=
19-Aug-2018 14:37:15.935 INFO [main] org.apache.catalina.startup.VersionLoggerListener.log Command line argument: -Dcatalina.base=C:\Users\Giannis\.IntelliJIdea2018.2\system\tomcat\Tomcat_8_5_32_Nutella
19-Aug-2018 14:37:15.935 INFO [main] org.apache.catalina.startup.VersionLoggerListener.log Command line argument: -Dcatalina.home=C:\Users\Giannis\Documents\apache-tomcat-8.5.32
19-Aug-2018 14:37:15.935 INFO [main] org.apache.catalina.startup.VersionLoggerListener.log Command line argument: -Djava.io.tmpdir=C:\Users\Giannis\Documents\apache-tomcat-8.5.32\temp
19-Aug-2018 14:37:15.935 INFO [main] org.apache.catalina.core.AprLifecycleListener.lifecycleEvent Loaded APR based Apache Tomcat Native library [1.2.17] using APR version [1.6.3].
19-Aug-2018 14:37:15.935 INFO [main] org.apache.catalina.core.AprLifecycleListener.lifecycleEvent APR capabilities: IPv6 [true], sendfile [true], accept filters [false], random [true].
19-Aug-2018 14:37:15.951 INFO [main] org.apache.catalina.core.AprLifecycleListener.lifecycleEvent APR/OpenSSL configuration: useAprConnector [false], useOpenSSL [true]
19-Aug-2018 14:37:17.056 INFO [main] org.apache.catalina.core.AprLifecycleListener.initializeSSL OpenSSL successfully initialized [OpenSSL 1.0.2o  27 Mar 2018]
19-Aug-2018 14:37:17.250 INFO [main] org.apache.coyote.AbstractProtocol.init Initializing ProtocolHandler ["http-nio-8080"]
19-Aug-2018 14:37:17.305 INFO [main] org.apache.tomcat.util.net.NioSelectorPool.getSharedSelector Using a shared selector for servlet write/read
19-Aug-2018 14:37:17.315 INFO [main] org.apache.coyote.AbstractProtocol.init Initializing ProtocolHandler ["ajp-nio-8009"]
19-Aug-2018 14:37:17.320 INFO [main] org.apache.tomcat.util.net.NioSelectorPool.getSharedSelector Using a shared selector for servlet write/read
19-Aug-2018 14:37:17.320 INFO [main] org.apache.catalina.startup.Catalina.load Initialization processed in 1870 ms
19-Aug-2018 14:37:17.354 INFO [main] org.apache.catalina.core.StandardService.startInternal Starting service [Catalina]
19-Aug-2018 14:37:17.354 INFO [main] org.apache.catalina.core.StandardEngine.startInternal Starting Servlet Engine: Apache Tomcat/8.5.32
19-Aug-2018 14:37:17.371 INFO [main] org.apache.coyote.AbstractProtocol.start Starting ProtocolHandler ["http-nio-8080"]
19-Aug-2018 14:37:17.381 INFO [main] org.apache.coyote.AbstractProtocol.start Starting ProtocolHandler ["ajp-nio-8009"]
19-Aug-2018 14:37:17.385 INFO [main] org.apache.catalina.startup.Catalina.start Server startup in 66 ms
19-Aug-2018 14:37:18.140 WARNING [RMI TCP Connection(3)-127.0.0.1] org.apache.tomcat.util.descriptor.web.WebXml.setVersion Unknown version string [4.0]. Default version will be used.
19-Aug-2018 14:37:25.507 INFO [RMI TCP Connection(3)-127.0.0.1] org.apache.jasper.servlet.TldScanner.scanJars At least one JAR was scanned for TLDs yet contained no TLDs. Enable debug logging for this logger for a complete list of JARs that were scanned but no TLDs were found in them. Skipping unneeded JARs during scanning can improve startup time and JSP compilation time.
19-Aug-2018 14:37:25.611 INFO [RMI TCP Connection(3)-127.0.0.1] org.springframework.web.context.ContextLoader.initWebApplicationContext Root WebApplicationContext: initialization started
19-Aug-2018 14:37:25.825 INFO [RMI TCP Connection(3)-127.0.0.1] org.springframework.context.support.AbstractApplicationContext.prepareRefresh Refreshing Root WebApplicationContext: startup date [Sun Aug 19 14:37:25 EEST 2018]; root of context hierarchy
19-Aug-2018 14:37:26.021 INFO [RMI TCP Connection(3)-127.0.0.1] org.springframework.beans.factory.xml.XmlBeanDefinitionReader.loadBeanDefinitions Loading XML bean definitions from ServletContext resource [/WEB-INF/cxf-beans.xml]
19-Aug-2018 14:37:26.294 INFO [RMI TCP Connection(3)-127.0.0.1] org.springframework.beans.factory.xml.XmlBeanDefinitionReader.loadBeanDefinitions Loading XML bean definitions from class path resource [META-INF/cxf/cxf.xml]
19-Aug-2018 14:37:27.383 INFO [localhost-startStop-1] org.apache.catalina.startup.HostConfig.deployDirectory Deploying web application directory [C:\Users\Giannis\Documents\apache-tomcat-8.5.32\webapps\manager]
19-Aug-2018 14:37:27.480 INFO [localhost-startStop-1] org.apache.catalina.startup.HostConfig.deployDirectory Deployment of web application directory [C:\Users\Giannis\Documents\apache-tomcat-8.5.32\webapps\manager] has finished in [96] ms
19-Aug-2018 14:37:28.260 INFO [RMI TCP Connection(3)-127.0.0.1] org.apache.cxf.endpoint.ServerImpl.initDestination Setting the server's publish address to be /rest
19-Aug-2018 14:37:28.534 INFO [RMI TCP Connection(3)-127.0.0.1] org.springframework.web.context.ContextLoader.initWebApplicationContext Root WebApplicationContext: initialization completed in 2923 ms
19-Aug-2018 14:39:30.648 INFO [main] org.apache.catalina.core.StandardServer.await A valid shutdown command was received via the shutdown port. Stopping the Server instance.
19-Aug-2018 14:39:30.648 INFO [main] org.apache.coyote.AbstractProtocol.pause Pausing ProtocolHandler ["http-nio-8080"]
19-Aug-2018 14:39:30.818 INFO [main] org.apache.coyote.AbstractProtocol.pause Pausing ProtocolHandler ["ajp-nio-8009"]
19-Aug-2018 14:39:30.922 INFO [main] org.apache.catalina.core.StandardService.stopInternal Stopping service [Catalina]
19-Aug-2018 14:39:30.938 INFO [localhost-startStop-2] org.springframework.context.support.AbstractApplicationContext.doClose Closing Root WebApplicationContext: startup date [Sun Aug 19 14:37:25 EEST 2018]; root of context hierarchy
19-Aug-2018 14:39:30.976 WARNING [localhost-startStop-2] org.apache.catalina.loader.WebappClassLoaderBase.clearReferencesJdbc The web application [ROOT] registered the JDBC driver [com.mysql.jdbc.Driver] but failed to unregister it when the web application was stopped. To prevent a memory leak, the JDBC Driver has been forcibly unregistered.
19-Aug-2018 14:39:30.977 WARNING [localhost-startStop-2] org.apache.catalina.loader.WebappClassLoaderBase.clearReferencesThreads The web application [ROOT] appears to have started a thread named [Abandoned connection cleanup thread] but has failed to stop it. This is very likely to create a memory leak. Stack trace of thread:
 java.lang.Object.wait(Native Method)
 java.lang.ref.ReferenceQueue.remove(ReferenceQueue.java:143)
 com.mysql.jdbc.AbandonedConnectionCleanupThread.run(AbandonedConnectionCleanupThread.java:64)
 java.util.concurrent.ThreadPoolExecutor.runWorker(ThreadPoolExecutor.java:1142)
 java.util.concurrent.ThreadPoolExecutor$Worker.run(ThreadPoolExecutor.java:617)
 java.lang.Thread.run(Thread.java:745)
19-Aug-2018 14:39:30.991 INFO [main] org.apache.coyote.AbstractProtocol.stop Stopping ProtocolHandler ["http-nio-8080"]
19-Aug-2018 14:39:30.991 INFO [main] org.apache.coyote.AbstractProtocol.stop Stopping ProtocolHandler ["ajp-nio-8009"]
19-Aug-2018 14:39:30.991 INFO [main] org.apache.coyote.AbstractProtocol.destroy Destroying ProtocolHandler ["http-nio-8080"]
19-Aug-2018 14:39:30.991 INFO [main] org.apache.coyote.AbstractProtocol.destroy Destroying ProtocolHandler ["ajp-nio-8009"]
